[INFO]- ################################################################################################
[INFO]- #                         _       ______   ________  ____    ____  _____                       #
[INFO]- #                        / \     |_   _ \ |_   __  ||_   \  /   _||_   _|                      #
[INFO]- #                       / _ \      | |_) |  | |_ \_|  |   \/   |    | |                        #
[INFO]- #                      / ___ \     |  __'.  |  _|     | |\  /| |    | |   _                    #
[INFO]- #                    _/ /   \ \_  _| |__) |_| |_     _| |_\/_| |_  _| |__/ |                   #
[INFO]- #                   |____| |____||_______/|_____|   |_____||_____||________|                   #
[INFO]- #                                                                                              #
[INFO]- ################################################################################################
[INFO]- num_threads : 16
[INFO]- +-------------------------------------- train data file ---------------------------------------+
[INFO]- | ################ file name ############### Atom number ## nframes ######### Element ######## |
[INFO]- |                                     test1.extxyz     3       2                Cu
[INFO]- | Number of files found:    1, number of image :    2
[INFO]- +----------------------------------------------------------------------------------------------+
[INFO]- +-------------------------------------- valid data file ---------------------------------------+
[INFO]- | ################ file name ############### Atom number ## nframes ######### Element ######## |
[INFO]- |                                     test1.extxyz     3       2                Cu
[INFO]- | Number of files found:    1, number of image :    2
[INFO]- +----------------------------------------------------------------------------------------------+
[WARNING]- Need 54636 epochs to reach limit_lr, but only train for 1 epochs!
[INFO]- ########################################--Start  Train--########################################
[INFO]- +------------------------------------------Start Loop------------------------------------------+
[INFO]- |-- Train Epoch:  1, batch size:  1, total iters:      2 --------------------------------------|
[INFO]- | Train Iters:     1 ,Loss: 3.42e+00 ,Time: 0.028 ,E_tot: 1.31e+00 ,Force: 2.11e+00
[INFO]- | Train Iters:     2 ,Loss: 3.09e+00 ,Time: 0.037 ,E_tot: 1.27e+00 ,Force: 1.83e+00
[INFO]- | Train Information: Loss: 3.26e+00 ,Time: 0.065 ,E_tot: 1.29e+00 ,Force: 1.97e+00
[INFO]- |-- Valid Epoch:  1, batch size:  1, total iters:      2                                       |
[INFO]- | Valid Iters:     1 ,Loss: 4.03e+00 ,Time: 0.006 ,E_tot: 1.23e+00 ,Virial: 1.26e+00 ,Force: 1.54e+00
[INFO]- | Valid Iters:     2 ,Loss: 4.03e+00 ,Time: 0.009 ,E_tot: 1.23e+00 ,Virial: 1.26e+00 ,Force: 1.54e+00
[INFO]- | Valid Information: Loss: 4.03e+00 ,Time: 0.014 ,E_tot: 1.23e+00 ,Virial: 1.26e+00 ,Force: 1.54e+00
[INFO]- +------------------------------------------ End Loop ------------------------------------------+
[INFO]- | Total training time:    8.40s, total training iters:       2
[INFO]- ######################################## --End  Train-- ########################################
