[INFO]- ################################################################################################
[INFO]- #                         _       ______   ________  ____    ____  _____                       #
[INFO]- #                        / \     |_   _ \ |_   __  ||_   \  /   _||_   _|                      #
[INFO]- #                       / _ \      | |_) |  | |_ \_|  |   \/   |    | |                        #
[INFO]- #                      / ___ \     |  __'.  |  _|     | |\  /| |    | |   _                    #
[INFO]- #                    _/ /   \ \_  _| |__) |_| |_     _| |_\/_| |_  _| |__/ |                   #
[INFO]- #                   |____| |____||_______/|_____|   |_____||_____||________|                   #
[INFO]- #                                                                                              #
[INFO]- ################################################################################################
[INFO]- num_threads : 16
[INFO]- +-------------------------------------- train data file ---------------------------------------+
[INFO]- | ################ file name ############### Atom number ## nframes ######### Element ######## |
[INFO]- |                                     test1.extxyz     3       2                Cu
[INFO]- | Number of files found:    1, number of image :    2
[INFO]- +----------------------------------------------------------------------------------------------+
[INFO]- +-------------------------------------- valid data file ---------------------------------------+
[INFO]- | ################ file name ############### Atom number ## nframes ######### Element ######## |
[INFO]- |                                     test1.extxyz     3       2                Cu
[INFO]- | Number of files found:    1, number of image :    2
[INFO]- +----------------------------------------------------------------------------------------------+
[WARNING]- Need 33668 epochs to reach limit_lr, but only train for 10 epochs!
[INFO]- ########################################--Start  Train--########################################
[INFO]- +------------------------------------------Start Loop------------------------------------------+
[INFO]- |-- Train Epoch:  1, batch size:  1, total iters:      2 --------------------------------------|
[INFO]- | Train Iters:     1 ,Loss: 3.54e+00 ,Time: 0.054 ,E_tot: 4.67e-01 ,Force: 2.08e+00 ,Virial: 9.95e-01
[INFO]- | Train Iters:     2 ,Loss: 3.49e+00 ,Time: 0.061 ,E_tot: 7.71e-01 ,Force: 1.37e+00 ,Virial: 1.35e+00
[INFO]- | Train Information: Loss: 3.51e+00 ,Time: 0.115 ,E_tot: 6.19e-01 ,Force: 1.72e+00 ,Virial: 1.17e+00
[INFO]- |-- Valid Epoch:  1, batch size:  1, total iters:      2                                       |
[INFO]- | Valid Iters:     1 ,Loss: 3.45e+00 ,Time: 0.003 ,E_tot: 1.09e+00 ,Force: 6.40e-01 ,Virial: 1.72e+00
[INFO]- | Valid Iters:     2 ,Loss: 3.45e+00 ,Time: 0.007 ,E_tot: 1.09e+00 ,Force: 6.40e-01 ,Virial: 1.72e+00
[INFO]- | Valid Information: Loss: 3.45e+00 ,Time: 0.010 ,E_tot: 1.09e+00 ,Force: 6.40e-01 ,Virial: 1.72e+00
[INFO]- |-- Train Epoch:  2, batch size:  1, total iters:      2 --------------------------------------|
[INFO]- | Train Iters:     1 ,Loss: 3.45e+00 ,Time: 0.071 ,E_tot: 1.09e+00 ,Force: 6.40e-01 ,Virial: 1.72e+00
[INFO]- | Train Iters:     2 ,Loss: 3.80e+00 ,Time: 0.021 ,E_tot: 1.42e+00 ,Force: 2.67e-01 ,Virial: 2.11e+00
[INFO]- | Train Information: Loss: 3.62e+00 ,Time: 0.091 ,E_tot: 1.25e+00 ,Force: 4.53e-01 ,Virial: 1.91e+00
[INFO]- |-- Valid Epoch:  2, batch size:  1, total iters:      2                                       |
[INFO]- | Valid Iters:     1 ,Loss: 4.89e+00 ,Time: 0.008 ,E_tot: 1.65e+00 ,Force: 8.24e-01 ,Virial: 2.42e+00
[INFO]- | Valid Iters:     2 ,Loss: 4.89e+00 ,Time: 0.010 ,E_tot: 1.65e+00 ,Force: 8.24e-01 ,Virial: 2.42e+00
[INFO]- | Valid Information: Loss: 4.89e+00 ,Time: 0.018 ,E_tot: 1.65e+00 ,Force: 8.24e-01 ,Virial: 2.42e+00
[INFO]- |-- Train Epoch:  3, batch size:  1, total iters:      2 --------------------------------------|
[INFO]- | Train Iters:     1 ,Loss: 4.89e+00 ,Time: 0.016 ,E_tot: 1.65e+00 ,Force: 8.24e-01 ,Virial: 2.42e+00
[INFO]- | Train Iters:     2 ,Loss: 5.15e+00 ,Time: 0.012 ,E_tot: 1.70e+00 ,Force: 9.66e-01 ,Virial: 2.49e+00
[INFO]- | Train Information: Loss: 5.02e+00 ,Time: 0.028 ,E_tot: 1.67e+00 ,Force: 8.95e-01 ,Virial: 2.45e+00
[INFO]- |-- Valid Epoch:  3, batch size:  1, total iters:      2                                       |
[INFO]- | Valid Iters:     1 ,Loss: 4.88e+00 ,Time: 0.000 ,E_tot: 1.62e+00 ,Force: 8.31e-01 ,Virial: 2.42e+00
[INFO]- | Valid Iters:     2 ,Loss: 4.88e+00 ,Time: 0.010 ,E_tot: 1.62e+00 ,Force: 8.31e-01 ,Virial: 2.42e+00
[INFO]- | Valid Information: Loss: 4.88e+00 ,Time: 0.010 ,E_tot: 1.62e+00 ,Force: 8.31e-01 ,Virial: 2.42e+00
[INFO]- |-- Train Epoch:  4, batch size:  1, total iters:      2 --------------------------------------|
[INFO]- | Train Iters:     1 ,Loss: 4.88e+00 ,Time: 0.011 ,E_tot: 1.62e+00 ,Force: 8.31e-01 ,Virial: 2.42e+00
[INFO]- | Train Iters:     2 ,Loss: 4.37e+00 ,Time: 0.020 ,E_tot: 1.49e+00 ,Force: 5.80e-01 ,Virial: 2.29e+00
[INFO]- | Train Information: Loss: 4.62e+00 ,Time: 0.031 ,E_tot: 1.56e+00 ,Force: 7.05e-01 ,Virial: 2.36e+00
[INFO]- |-- Valid Epoch:  4, batch size:  1, total iters:      2                                       |
[INFO]- | Valid Iters:     1 ,Loss: 3.82e+00 ,Time: 0.016 ,E_tot: 1.34e+00 ,Force: 3.23e-01 ,Virial: 2.15e+00
[INFO]- | Valid Iters:     2 ,Loss: 3.82e+00 ,Time: 0.006 ,E_tot: 1.34e+00 ,Force: 3.23e-01 ,Virial: 2.15e+00
[INFO]- | Valid Information: Loss: 3.82e+00 ,Time: 0.022 ,E_tot: 1.34e+00 ,Force: 3.23e-01 ,Virial: 2.15e+00
[INFO]- |-- Train Epoch:  5, batch size:  1, total iters:      2 --------------------------------------|
[INFO]- | Train Iters:     1 ,Loss: 3.82e+00 ,Time: 0.018 ,E_tot: 1.34e+00 ,Force: 3.23e-01 ,Virial: 2.15e+00
[INFO]- | Train Iters:     2 ,Loss: 3.41e+00 ,Time: 0.016 ,E_tot: 1.20e+00 ,Force: 1.94e-01 ,Virial: 2.02e+00
[INFO]- | Train Information: Loss: 3.61e+00 ,Time: 0.035 ,E_tot: 1.27e+00 ,Force: 2.59e-01 ,Virial: 2.08e+00
[INFO]- |-- Valid Epoch:  5, batch size:  1, total iters:      2                                       |
[INFO]- | Valid Iters:     1 ,Loss: 3.27e+00 ,Time: 0.010 ,E_tot: 1.07e+00 ,Force: 2.90e-01 ,Virial: 1.91e+00
[INFO]- | Valid Iters:     2 ,Loss: 3.27e+00 ,Time: 0.009 ,E_tot: 1.07e+00 ,Force: 2.90e-01 ,Virial: 1.91e+00
[INFO]- | Valid Information: Loss: 3.27e+00 ,Time: 0.019 ,E_tot: 1.07e+00 ,Force: 2.90e-01 ,Virial: 1.91e+00
[INFO]- |-- Train Epoch:  6, batch size:  1, total iters:      2 --------------------------------------|
[INFO]- | Train Iters:     1 ,Loss: 3.27e+00 ,Time: 0.020 ,E_tot: 1.07e+00 ,Force: 2.90e-01 ,Virial: 1.91e+00
[INFO]- | Train Iters:     2 ,Loss: 3.22e+00 ,Time: 0.011 ,E_tot: 9.65e-01 ,Force: 4.17e-01 ,Virial: 1.84e+00
[INFO]- | Train Information: Loss: 3.25e+00 ,Time: 0.031 ,E_tot: 1.02e+00 ,Force: 3.54e-01 ,Virial: 1.87e+00
[INFO]- |-- Valid Epoch:  6, batch size:  1, total iters:      2                                       |
[INFO]- | Valid Iters:     1 ,Loss: 3.18e+00 ,Time: 0.013 ,E_tot: 8.87e-01 ,Force: 5.04e-01 ,Virial: 1.79e+00
[INFO]- | Valid Iters:     2 ,Loss: 3.18e+00 ,Time: 0.016 ,E_tot: 8.87e-01 ,Force: 5.04e-01 ,Virial: 1.79e+00
[INFO]- | Valid Information: Loss: 3.18e+00 ,Time: 0.028 ,E_tot: 8.87e-01 ,Force: 5.04e-01 ,Virial: 1.79e+00
[INFO]- |-- Train Epoch:  7, batch size:  1, total iters:      2 --------------------------------------|
[INFO]- | Train Iters:     1 ,Loss: 3.18e+00 ,Time: 0.015 ,E_tot: 8.87e-01 ,Force: 5.04e-01 ,Virial: 1.79e+00
[INFO]- | Train Iters:     2 ,Loss: 3.15e+00 ,Time: 0.014 ,E_tot: 8.33e-01 ,Force: 5.48e-01 ,Virial: 1.77e+00
[INFO]- | Train Information: Loss: 3.16e+00 ,Time: 0.029 ,E_tot: 8.60e-01 ,Force: 5.26e-01 ,Virial: 1.78e+00
[INFO]- |-- Valid Epoch:  7, batch size:  1, total iters:      2                                       |
[INFO]- | Valid Iters:     1 ,Loss: 3.12e+00 ,Time: 0.000 ,E_tot: 8.04e-01 ,Force: 5.51e-01 ,Virial: 1.76e+00
[INFO]- | Valid Iters:     2 ,Loss: 3.12e+00 ,Time: 0.008 ,E_tot: 8.04e-01 ,Force: 5.51e-01 ,Virial: 1.76e+00
[INFO]- | Valid Information: Loss: 3.12e+00 ,Time: 0.008 ,E_tot: 8.04e-01 ,Force: 5.51e-01 ,Virial: 1.76e+00
[INFO]- |-- Train Epoch:  8, batch size:  1, total iters:      2 --------------------------------------|
[INFO]- | Train Iters:     1 ,Loss: 3.12e+00 ,Time: 0.015 ,E_tot: 8.04e-01 ,Force: 5.51e-01 ,Virial: 1.76e+00
[INFO]- | Train Iters:     2 ,Loss: 3.09e+00 ,Time: 0.020 ,E_tot: 7.94e-01 ,Force: 5.21e-01 ,Virial: 1.78e+00
[INFO]- | Train Information: Loss: 3.11e+00 ,Time: 0.036 ,E_tot: 7.99e-01 ,Force: 5.36e-01 ,Virial: 1.77e+00
[INFO]- |-- Valid Epoch:  8, batch size:  1, total iters:      2                                       |
[INFO]- | Valid Iters:     1 ,Loss: 3.08e+00 ,Time: 0.004 ,E_tot: 8.00e-01 ,Force: 4.64e-01 ,Virial: 1.81e+00
[INFO]- | Valid Iters:     2 ,Loss: 3.08e+00 ,Time: 0.012 ,E_tot: 8.00e-01 ,Force: 4.64e-01 ,Virial: 1.81e+00
[INFO]- | Valid Information: Loss: 3.08e+00 ,Time: 0.016 ,E_tot: 8.00e-01 ,Force: 4.64e-01 ,Virial: 1.81e+00
[INFO]- |-- Train Epoch:  9, batch size:  1, total iters:      2 --------------------------------------|
[INFO]- | Train Iters:     1 ,Loss: 3.08e+00 ,Time: 0.020 ,E_tot: 8.00e-01 ,Force: 4.64e-01 ,Virial: 1.81e+00
[INFO]- | Train Iters:     2 ,Loss: 3.06e+00 ,Time: 0.010 ,E_tot: 8.20e-01 ,Force: 3.89e-01 ,Virial: 1.85e+00
[INFO]- | Train Information: Loss: 3.07e+00 ,Time: 0.030 ,E_tot: 8.10e-01 ,Force: 4.27e-01 ,Virial: 1.83e+00
[INFO]- |-- Valid Epoch:  9, batch size:  1, total iters:      2                                       |
[INFO]- | Valid Iters:     1 ,Loss: 3.06e+00 ,Time: 0.010 ,E_tot: 8.47e-01 ,Force: 3.05e-01 ,Virial: 1.90e+00
[INFO]- | Valid Iters:     2 ,Loss: 3.06e+00 ,Time: 0.010 ,E_tot: 8.47e-01 ,Force: 3.05e-01 ,Virial: 1.90e+00
[INFO]- | Valid Information: Loss: 3.06e+00 ,Time: 0.020 ,E_tot: 8.47e-01 ,Force: 3.05e-01 ,Virial: 1.90e+00
[INFO]- |-- Train Epoch: 10, batch size:  1, total iters:      2 --------------------------------------|
[INFO]- | Train Iters:     1 ,Loss: 3.06e+00 ,Time: 0.024 ,E_tot: 8.47e-01 ,Force: 3.05e-01 ,Virial: 1.90e+00
[INFO]- | Train Iters:     2 ,Loss: 3.07e+00 ,Time: 0.020 ,E_tot: 8.78e-01 ,Force: 2.31e-01 ,Virial: 1.96e+00
[INFO]- | Train Information: Loss: 3.06e+00 ,Time: 0.044 ,E_tot: 8.63e-01 ,Force: 2.68e-01 ,Virial: 1.93e+00
[INFO]- |-- Valid Epoch: 10, batch size:  1, total iters:      2                                       |
[INFO]- | Valid Iters:     1 ,Loss: 3.12e+00 ,Time: 0.053 ,E_tot: 9.08e-01 ,Force: 1.95e-01 ,Virial: 2.01e+00
[INFO]- | Valid Iters:     2 ,Loss: 3.12e+00 ,Time: 0.037 ,E_tot: 9.08e-01 ,Force: 1.95e-01 ,Virial: 2.01e+00
[INFO]- | Valid Information: Loss: 3.12e+00 ,Time: 0.090 ,E_tot: 9.08e-01 ,Force: 1.95e-01 ,Virial: 2.01e+00
[INFO]- +------------------------------------------ End Loop ------------------------------------------+
[INFO]- | Total training time:   83.27s, total training iters:      20
[INFO]- ######################################## --End  Train-- ########################################
